2019-10-13 13:11:15.625 WARN  --- [main] org.mybatis.spring.mapper.ClassPathMapperScanner Line:166 - No MyBatis mapper was found in '[com.bdqn.hx]' package. Please check your configuration.
2019-10-13 13:19:14.140 WARN  --- [main] org.mybatis.spring.mapper.ClassPathMapperScanner Line:166 - No MyBatis mapper was found in '[com.bdqn.hx]' package. Please check your configuration.
2019-10-13 13:20:51.465 WARN  --- [main] org.mybatis.spring.mapper.ClassPathMapperScanner Line:166 - No MyBatis mapper was found in '[com.bdqn.hx]' package. Please check your configuration.
2019-10-13 13:21:34.266 WARN  --- [main] org.mybatis.spring.mapper.ClassPathMapperScanner Line:166 - No MyBatis mapper was found in '[com.bdqn.hx]' package. Please check your configuration.
2019-10-13 13:36:24.373 WARN  --- [main] org.mybatis.spring.mapper.ClassPathMapperScanner Line:166 - No MyBatis mapper was found in '[com.bdqn.hx]' package. Please check your configuration.
2019-10-13 13:42:02.919 WARN  --- [main] org.mybatis.spring.mapper.ClassPathMapperScanner Line:166 - No MyBatis mapper was found in '[com.bdqn.hx]' package. Please check your configuration.
2019-10-13 13:43:41.213 WARN  --- [main] org.mybatis.spring.mapper.ClassPathMapperScanner Line:166 - No MyBatis mapper was found in '[com.bdqn.hx]' package. Please check your configuration.
2019-10-13 13:44:28.834 WARN  --- [main] org.mybatis.spring.mapper.ClassPathMapperScanner Line:166 - No MyBatis mapper was found in '[com.bdqn.hx]' package. Please check your configuration.
2019-10-13 13:45:57.025 WARN  --- [main] org.mybatis.spring.mapper.ClassPathMapperScanner Line:166 - No MyBatis mapper was found in '[com.bdqn.hx]' package. Please check your configuration.
2019-10-13 13:48:56.830 WARN  --- [main] org.mybatis.spring.mapper.ClassPathMapperScanner Line:166 - No MyBatis mapper was found in '[com.bdqn.hx]' package. Please check your configuration.
2019-10-13 13:56:27.507 WARN  --- [main] org.mybatis.spring.mapper.ClassPathMapperScanner Line:166 - No MyBatis mapper was found in '[com.bdqn.hx]' package. Please check your configuration.
2019-10-13 14:09:39.345 WARN  --- [main] org.mybatis.spring.mapper.ClassPathMapperScanner Line:166 - No MyBatis mapper was found in '[com.bdqn.hx]' package. Please check your configuration.
2019-10-13 14:09:41.145 WARN  --- [main] org.springframework.boot.web.servlet.context.AnnotationConfigServletWebServerApplicationContext Line:559 - Exception encountered during context initialization - cancelling refresh attempt: org.springframework.beans.factory.BeanCreationException: Error creating bean with name 'repliesController': Injection of resource dependencies failed; nested exception is org.springframework.beans.factory.NoSuchBeanDefinitionException: No qualifying bean of type 'com.bdqn.hx.service.RepliesService' available: expected at least 1 bean which qualifies as autowire candidate. Dependency annotations: {@javax.annotation.Resource(shareable=true, lookup=, name=, description=, authenticationType=CONTAINER, type=class java.lang.Object, mappedName=)}
2019-10-13 14:10:48.020 WARN  --- [main] org.mybatis.spring.mapper.ClassPathMapperScanner Line:166 - No MyBatis mapper was found in '[com.bdqn.hx]' package. Please check your configuration.
2019-10-13 14:10:49.742 WARN  --- [main] org.springframework.boot.web.servlet.context.AnnotationConfigServletWebServerApplicationContext Line:559 - Exception encountered during context initialization - cancelling refresh attempt: org.springframework.beans.factory.BeanCreationException: Error creating bean with name 'repliesController': Injection of resource dependencies failed; nested exception is org.springframework.beans.factory.NoSuchBeanDefinitionException: No qualifying bean of type 'com.bdqn.hx.service.RepliesService' available: expected at least 1 bean which qualifies as autowire candidate. Dependency annotations: {@javax.annotation.Resource(shareable=true, lookup=, name=, description=, authenticationType=CONTAINER, type=class java.lang.Object, mappedName=)}
2019-10-13 14:11:23.851 WARN  --- [main] org.mybatis.spring.mapper.ClassPathMapperScanner Line:166 - No MyBatis mapper was found in '[com.bdqn.hx]' package. Please check your configuration.
2019-10-13 14:12:49.603 WARN  --- [main] org.mybatis.spring.mapper.ClassPathMapperScanner Line:166 - No MyBatis mapper was found in '[com.bdqn.hx]' package. Please check your configuration.
2019-10-13 14:15:34.175 WARN  --- [main] org.mybatis.spring.mapper.ClassPathMapperScanner Line:166 - No MyBatis mapper was found in '[com.bdqn.hx]' package. Please check your configuration.
2019-10-13 14:19:45.863 WARN  --- [main] org.mybatis.spring.mapper.ClassPathMapperScanner Line:166 - No MyBatis mapper was found in '[com.bdqn.hx]' package. Please check your configuration.
2019-10-13 14:32:34.459 WARN  --- [main] org.mybatis.spring.mapper.ClassPathMapperScanner Line:166 - No MyBatis mapper was found in '[com.bdqn.hx]' package. Please check your configuration.
2019-10-13 14:35:38.073 WARN  --- [http-nio-8080-exec-6] org.springframework.web.servlet.mvc.support.DefaultHandlerExceptionResolver Line:194 - Resolved exception caused by handler execution: org.springframework.web.HttpRequestMethodNotSupportedException: Request method 'GET' not supported
2019-10-13 14:36:37.216 WARN  --- [main] org.mybatis.spring.mapper.ClassPathMapperScanner Line:166 - No MyBatis mapper was found in '[com.bdqn.hx]' package. Please check your configuration.
2019-10-13 14:39:13.162 WARN  --- [main] org.mybatis.spring.mapper.ClassPathMapperScanner Line:166 - No MyBatis mapper was found in '[com.bdqn.hx]' package. Please check your configuration.
2019-10-13 14:40:44.479 WARN  --- [main] org.mybatis.spring.mapper.ClassPathMapperScanner Line:166 - No MyBatis mapper was found in '[com.bdqn.hx]' package. Please check your configuration.
2019-10-13 14:42:00.528 WARN  --- [HikariPool-1 housekeeper] com.zaxxer.hikari.pool.HikariPool Line:758 - HikariPool-1 - Thread starvation or clock leap detected (housekeeper delta=1m6s653ms691µs98ns).
2019-10-13 14:42:39.227 WARN  --- [main] org.mybatis.spring.mapper.ClassPathMapperScanner Line:166 - No MyBatis mapper was found in '[com.bdqn.hx]' package. Please check your configuration.
2019-10-13 14:45:24.702 WARN  --- [main] org.mybatis.spring.mapper.ClassPathMapperScanner Line:166 - No MyBatis mapper was found in '[com.bdqn.hx]' package. Please check your configuration.
2019-10-13 14:59:15.274 WARN  --- [main] org.mybatis.spring.mapper.ClassPathMapperScanner Line:166 - No MyBatis mapper was found in '[com.bdqn.hx]' package. Please check your configuration.
2019-10-13 15:02:12.918 WARN  --- [main] org.mybatis.spring.mapper.ClassPathMapperScanner Line:166 - No MyBatis mapper was found in '[com.bdqn.hx]' package. Please check your configuration.
2019-10-13 17:08:16.544 WARN  --- [HikariPool-1 housekeeper] com.zaxxer.hikari.pool.HikariPool Line:758 - HikariPool-1 - Thread starvation or clock leap detected (housekeeper delta=2h47s786ms897µs112ns).
2019-10-13 22:07:07.777 WARN  --- [HikariPool-1 housekeeper] com.zaxxer.hikari.pool.HikariPool Line:758 - HikariPool-1 - Thread starvation or clock leap detected (housekeeper delta=3h41m24s276ms945µs23ns).
