2019-10-19 10:54:39.633 INFO  --- [main] com.bdqn.hx.PhoneInfoApplication Line:50  - Starting PhoneInfoApplication on DESKTOP-167VSDP with PID 8408 (D:\workspace\PhoneInfo\target\classes started by Acer in D:\workspace\PhoneInfo)
2019-10-19 10:54:39.925 INFO  --- [main] com.bdqn.hx.PhoneInfoApplication Line:654 - No active profile set, falling back to default profiles: default
2019-10-19 10:54:42.337 INFO  --- [main] org.apache.coyote.http11.Http11NioProtocol Line:180 - Initializing ProtocolHandler ["http-nio-8080"]
2019-10-19 10:54:42.359 INFO  --- [main] org.apache.catalina.core.StandardService Line:180 - Starting service [Tomcat]
2019-10-19 10:54:42.361 INFO  --- [main] org.apache.catalina.core.StandardEngine Line:180 - Starting Servlet Engine: Apache Tomcat/8.5.39
2019-10-19 10:54:42.366 INFO  --- [localhost-startStop-1] org.apache.catalina.core.AprLifecycleListener Line:180 - The APR based Apache Tomcat Native library which allows optimal performance in production environments was not found on the java.library.path: [D:\Program Files (x86)\Java\jdk1.8.0_31\bin;C:\WINDOWS\Sun\Java\bin;C:\WINDOWS\system32;C:\WINDOWS;D:\app\Acer\product\11.2.0\dbhome_1\bin;C:\ProgramData\Oracle\Java\javapath;C:\WINDOWS\system32;C:\WINDOWS;C:\WINDOWS\System32\Wbem;C:\WINDOWS\System32\WindowsPowerShell\v1.0\;C:\WINDOWS\System32\OpenSSH\;D:\Program Files (x86)\Java\jdk1.8.0_31\bin;D:\Program Files (x86)\MySQL\MySQL Server 5.0\bin;D:\Program Files (x86)\Java\apache-maven-3.6.1\bin;D:\Program Files (x86)\Java\apache-maven-3.6.1\bin;D:\Program Files\nodejs\;C:\Users\Acer\AppData\Local\Microsoft\WindowsApps;C:\Users\Acer\AppData\Roaming\npm;D:\Program Files\Microsoft VS Code\bin;.]
2019-10-19 10:54:42.521 INFO  --- [localhost-startStop-1] org.apache.catalina.core.ContainerBase.[Tomcat].[localhost].[/] Line:180 - Initializing Spring embedded WebApplicationContext
2019-10-19 10:54:43.717 INFO  --- [main] tk.mybatis.mapper.autoconfigure.MapperCacheDisabler Line:60  - Clear tk.mybatis.mapper.util.MsUtil CLASS_CACHE cache.
2019-10-19 10:54:43.717 INFO  --- [main] tk.mybatis.mapper.autoconfigure.MapperCacheDisabler Line:60  - Clear tk.mybatis.mapper.genid.GenIdUtil CACHE cache.
2019-10-19 10:54:43.718 INFO  --- [main] tk.mybatis.mapper.autoconfigure.MapperCacheDisabler Line:60  - Clear tk.mybatis.mapper.version.VersionUtil CACHE cache.
2019-10-19 10:54:43.718 INFO  --- [main] tk.mybatis.mapper.autoconfigure.MapperCacheDisabler Line:83  - Clear EntityHelper entityTableMap cache.
2019-10-19 10:54:44.089 INFO  --- [main] org.apache.coyote.http11.Http11NioProtocol Line:180 - Starting ProtocolHandler ["http-nio-8080"]
2019-10-19 10:54:44.102 INFO  --- [main] org.apache.tomcat.util.net.NioSelectorPool Line:180 - Using a shared selector for servlet write/read
2019-10-19 10:54:44.136 INFO  --- [main] com.bdqn.hx.PhoneInfoApplication Line:59  - Started PhoneInfoApplication in 8.105 seconds (JVM running for 11.62)
2019-10-19 10:54:50.583 INFO  --- [http-nio-8080-exec-1] org.apache.catalina.core.ContainerBase.[Tomcat].[localhost].[/] Line:180 - Initializing Spring FrameworkServlet 'dispatcherServlet'
2019-10-19 10:54:51.692 INFO  --- [http-nio-8080-exec-3] com.bdqn.hx.aop.LogAspect Line:26  - 调用com.bdqn.hx.service.InformationsService@180680d的queryAll方法。方法入参：[]
2019-10-19 10:54:51.757 INFO  --- [http-nio-8080-exec-3] com.zaxxer.hikari.HikariDataSource Line:110 - HikariPool-1 - Starting...
2019-10-19 10:54:52.156 INFO  --- [http-nio-8080-exec-3] com.zaxxer.hikari.HikariDataSource Line:123 - HikariPool-1 - Start completed.
2019-10-19 10:54:52.209 INFO  --- [http-nio-8080-exec-3] com.bdqn.hx.aop.LogAspect Line:29  - 调用com.bdqn.hx.service.InformationsService@180680d的queryAll方法。返回值是：[Informations(id=1, title=Android L开发者预览版可以下载了, content=阿是的发送到发送阿斯顿发多少, replycount=2, viewcount=134, reporttime=Thu Oct 17 10:10:10 CST 2019, lastposttime=Thu Oct 17 03:20:00 CST 2019, replies=null), Informations(id=2, title=推荐一个好用的软件, content=阿斯顿发生的阿斯顿发送到发大沙发是的发送到阿斯顿打发斯蒂芬, replycount=13, viewcount=26, reporttime=Wed Oct 16 11:20:30 CST 2019, lastposttime=Tue Oct 08 10:04:00 CST 2019, replies=null), Informations(id=3, title=Iphonet阿斯顿发生阿斯顿发生, content=阿斯顿发送到发金坷垃数据的风口浪尖及围殴irjmdlkzxm, replycount=11, viewcount=34, reporttime=Tue Oct 08 11:10:20 CST 2019, lastposttime=Tue Oct 08 10:00:00 CST 2019, replies=null)]
2019-10-19 10:54:52.210 INFO  --- [http-nio-8080-exec-3] com.bdqn.hx.aop.LogAspect Line:35  - queryAll方法结束执行.....
2019-10-19 10:55:00.375 INFO  --- [http-nio-8080-exec-6] com.bdqn.hx.aop.LogAspect Line:26  - 调用com.bdqn.hx.service.InformationsService@180680d的queryInformationsById方法。方法入参：[3]
2019-10-19 10:55:00.411 INFO  --- [http-nio-8080-exec-6] com.bdqn.hx.aop.LogAspect Line:29  - 调用com.bdqn.hx.service.InformationsService@180680d的queryInformationsById方法。返回值是：Informations(id=3, title=Iphonet阿斯顿发生阿斯顿发生, content=阿斯顿发送到发金坷垃数据的风口浪尖及围殴irjmdlkzxm, replycount=11, viewcount=34, reporttime=Tue Oct 08 11:10:20 CST 2019, lastposttime=Tue Oct 08 10:00:00 CST 2019, replies=[Replies(id=3, content=阿斯顿发生的1111, replytime=Sun Oct 13 14:20:03 CST 2019, infoid=3), Replies(id=4, content=爱的发声, replytime=Sun Oct 13 14:27:36 CST 2019, infoid=3), Replies(id=5, content=阿道夫啊啊士大夫, replytime=Sun Oct 13 14:28:45 CST 2019, infoid=3), Replies(id=6, content=2332啊, replytime=Sun Oct 13 14:28:55 CST 2019, infoid=3), Replies(id=7, content=第三方, replytime=Sun Oct 13 14:30:50 CST 2019, infoid=3), Replies(id=8, content=发送方, replytime=Sun Oct 13 14:30:58 CST 2019, infoid=3), Replies(id=12, content=阿斯顿发生的阿斯顿发斯蒂芬阿斯顿发斯蒂芬, replytime=Sun Oct 13 14:43:06 CST 2019, infoid=3), Replies(id=13, content=进口管计划开工后即可, replytime=Sun Oct 13 14:43:27 CST 2019, infoid=3)])
2019-10-19 10:55:00.411 INFO  --- [http-nio-8080-exec-6] com.bdqn.hx.aop.LogAspect Line:35  - queryInformationsById方法结束执行.....
2019-10-19 10:55:03.383 INFO  --- [http-nio-8080-exec-10] com.bdqn.hx.aop.LogAspect Line:26  - 调用com.bdqn.hx.service.InformationsService@180680d的queryAll方法。方法入参：[]
2019-10-19 10:55:03.393 INFO  --- [http-nio-8080-exec-10] com.bdqn.hx.aop.LogAspect Line:29  - 调用com.bdqn.hx.service.InformationsService@180680d的queryAll方法。返回值是：[Informations(id=1, title=Android L开发者预览版可以下载了, content=阿是的发送到发送阿斯顿发多少, replycount=2, viewcount=134, reporttime=Thu Oct 17 10:10:10 CST 2019, lastposttime=Thu Oct 17 03:20:00 CST 2019, replies=null), Informations(id=2, title=推荐一个好用的软件, content=阿斯顿发生的阿斯顿发送到发大沙发是的发送到阿斯顿打发斯蒂芬, replycount=13, viewcount=26, reporttime=Wed Oct 16 11:20:30 CST 2019, lastposttime=Tue Oct 08 10:04:00 CST 2019, replies=null), Informations(id=3, title=Iphonet阿斯顿发生阿斯顿发生, content=阿斯顿发送到发金坷垃数据的风口浪尖及围殴irjmdlkzxm, replycount=11, viewcount=34, reporttime=Tue Oct 08 11:10:20 CST 2019, lastposttime=Tue Oct 08 10:00:00 CST 2019, replies=null)]
2019-10-19 10:55:03.394 INFO  --- [http-nio-8080-exec-10] com.bdqn.hx.aop.LogAspect Line:35  - queryAll方法结束执行.....
2019-10-19 11:09:44.727 INFO  --- [http-nio-8080-exec-4] com.bdqn.hx.aop.LogAspect Line:26  - 调用com.bdqn.hx.service.InformationsService@180680d的queryInformationsById方法。方法入参：[2]
2019-10-19 11:09:44.749 INFO  --- [http-nio-8080-exec-4] com.bdqn.hx.aop.LogAspect Line:29  - 调用com.bdqn.hx.service.InformationsService@180680d的queryInformationsById方法。返回值是：Informations(id=2, title=推荐一个好用的软件, content=阿斯顿发生的阿斯顿发送到发大沙发是的发送到阿斯顿打发斯蒂芬, replycount=13, viewcount=26, reporttime=Wed Oct 16 11:20:30 CST 2019, lastposttime=Tue Oct 08 10:04:00 CST 2019, replies=[Replies(id=9, content=阿斯顿发, replytime=Sun Oct 13 14:31:41 CST 2019, infoid=2), Replies(id=10, content=分公司富商大贾, replytime=Sun Oct 13 14:31:47 CST 2019, infoid=2), Replies(id=11, content=温热温热, replytime=Sun Oct 13 14:31:50 CST 2019, infoid=2), Replies(id=14, content=阿斯顿发股份和对方过后就放个假, replytime=Sun Oct 13 14:59:49 CST 2019, infoid=2), Replies(id=15, content=热热王若冰, replytime=Sun Oct 13 15:00:51 CST 2019, infoid=2), Replies(id=16, content=韦尔奇翁日期, replytime=Sun Oct 13 15:02:34 CST 2019, infoid=2), Replies(id=17, content=2323的法尔范, replytime=Mon Oct 14 11:17:56 CST 2019, infoid=2)])
2019-10-19 11:09:44.750 INFO  --- [http-nio-8080-exec-4] com.bdqn.hx.aop.LogAspect Line:35  - queryInformationsById方法结束执行.....
2019-10-19 11:09:47.785 INFO  --- [http-nio-8080-exec-5] com.bdqn.hx.aop.LogAspect Line:26  - 调用com.bdqn.hx.service.RepliesService@811855的addreply方法。方法入参：[Replies(id=null, content=阿斯顿发生, replytime=Sat Oct 19 11:09:47 CST 2019, infoid=2)]
2019-10-19 11:09:47.807 INFO  --- [http-nio-8080-exec-5] com.bdqn.hx.aop.LogAspect Line:29  - 调用com.bdqn.hx.service.RepliesService@811855的addreply方法。返回值是：true
2019-10-19 11:09:47.807 INFO  --- [http-nio-8080-exec-5] com.bdqn.hx.aop.LogAspect Line:35  - addreply方法结束执行.....
