2019-10-10 09:17:36.188 INFO  --- [main] com.bdqn.hx.PhoneInfoApplication Line:50  - Starting PhoneInfoApplication on DESKTOP-167VSDP with PID 964 (D:\workspace\PhoneInfo\target\classes started by Acer in D:\workspace\PhoneInfo)
2019-10-10 09:17:36.188 INFO  --- [main] com.bdqn.hx.PhoneInfoApplication Line:654 - No active profile set, falling back to default profiles: default
2019-10-10 09:17:37.750 INFO  --- [main] org.apache.coyote.http11.Http11NioProtocol Line:180 - Initializing ProtocolHandler ["http-nio-8080"]
2019-10-10 09:17:37.765 INFO  --- [main] org.apache.catalina.core.StandardService Line:180 - Starting service [Tomcat]
2019-10-10 09:17:37.765 INFO  --- [main] org.apache.catalina.core.StandardEngine Line:180 - Starting Servlet Engine: Apache Tomcat/8.5.39
2019-10-10 09:17:37.765 INFO  --- [localhost-startStop-1] org.apache.catalina.core.AprLifecycleListener Line:180 - The APR based Apache Tomcat Native library which allows optimal performance in production environments was not found on the java.library.path: [D:\Program Files (x86)\Java\jdk1.8.0_31\bin;C:\WINDOWS\Sun\Java\bin;C:\WINDOWS\system32;C:\WINDOWS;D:\app\Acer\product\11.2.0\dbhome_1\bin;C:\ProgramData\Oracle\Java\javapath;C:\WINDOWS\system32;C:\WINDOWS;C:\WINDOWS\System32\Wbem;C:\WINDOWS\System32\WindowsPowerShell\v1.0\;C:\WINDOWS\System32\OpenSSH\;D:\Program Files (x86)\Java\jdk1.8.0_31\bin;D:\Program Files (x86)\MySQL\MySQL Server 5.0\bin;D:\Program Files (x86)\Java\apache-maven-3.6.1\bin;D:\Program Files (x86)\Java\apache-maven-3.6.1\bin;D:\Program Files\nodejs\;C:\Users\Acer\AppData\Local\Microsoft\WindowsApps;C:\Users\Acer\AppData\Roaming\npm;.]
2019-10-10 09:17:37.890 INFO  --- [localhost-startStop-1] org.apache.catalina.core.ContainerBase.[Tomcat].[localhost].[/] Line:180 - Initializing Spring embedded WebApplicationContext
2019-10-10 09:17:38.781 INFO  --- [main] tk.mybatis.mapper.autoconfigure.MapperCacheDisabler Line:60  - Clear tk.mybatis.mapper.util.MsUtil CLASS_CACHE cache.
2019-10-10 09:17:38.781 INFO  --- [main] tk.mybatis.mapper.autoconfigure.MapperCacheDisabler Line:60  - Clear tk.mybatis.mapper.genid.GenIdUtil CACHE cache.
2019-10-10 09:17:38.781 INFO  --- [main] tk.mybatis.mapper.autoconfigure.MapperCacheDisabler Line:60  - Clear tk.mybatis.mapper.version.VersionUtil CACHE cache.
2019-10-10 09:17:38.796 INFO  --- [main] tk.mybatis.mapper.autoconfigure.MapperCacheDisabler Line:83  - Clear EntityHelper entityTableMap cache.
2019-10-10 09:17:39.031 INFO  --- [main] org.apache.coyote.http11.Http11NioProtocol Line:180 - Starting ProtocolHandler ["http-nio-8080"]
2019-10-10 09:17:39.031 INFO  --- [main] org.apache.tomcat.util.net.NioSelectorPool Line:180 - Using a shared selector for servlet write/read
2019-10-10 09:17:39.062 INFO  --- [main] com.bdqn.hx.PhoneInfoApplication Line:59  - Started PhoneInfoApplication in 3.531 seconds (JVM running for 4.428)
2019-10-10 09:17:47.349 INFO  --- [http-nio-8080-exec-1] org.apache.catalina.core.ContainerBase.[Tomcat].[localhost].[/] Line:180 - Initializing Spring FrameworkServlet 'dispatcherServlet'
2019-10-10 09:17:47.511 INFO  --- [http-nio-8080-exec-2] com.zaxxer.hikari.HikariDataSource Line:110 - HikariPool-1 - Starting...
2019-10-10 09:17:47.648 INFO  --- [http-nio-8080-exec-2] com.zaxxer.hikari.HikariDataSource Line:123 - HikariPool-1 - Start completed.
2019-10-10 09:38:54.689 INFO  --- [main] com.bdqn.hx.PhoneInfoApplication Line:50  - Starting PhoneInfoApplication on DESKTOP-167VSDP with PID 6176 (D:\workspace\PhoneInfo\target\classes started by Acer in D:\workspace\PhoneInfo)
2019-10-10 09:38:54.694 INFO  --- [main] com.bdqn.hx.PhoneInfoApplication Line:654 - No active profile set, falling back to default profiles: default
2019-10-10 09:38:56.046 INFO  --- [main] org.apache.coyote.http11.Http11NioProtocol Line:180 - Initializing ProtocolHandler ["http-nio-8080"]
2019-10-10 09:38:56.069 INFO  --- [main] org.apache.catalina.core.StandardService Line:180 - Starting service [Tomcat]
2019-10-10 09:38:56.070 INFO  --- [main] org.apache.catalina.core.StandardEngine Line:180 - Starting Servlet Engine: Apache Tomcat/8.5.39
2019-10-10 09:38:56.074 INFO  --- [localhost-startStop-1] org.apache.catalina.core.AprLifecycleListener Line:180 - The APR based Apache Tomcat Native library which allows optimal performance in production environments was not found on the java.library.path: [D:\Program Files (x86)\Java\jdk1.8.0_31\bin;C:\WINDOWS\Sun\Java\bin;C:\WINDOWS\system32;C:\WINDOWS;D:\app\Acer\product\11.2.0\dbhome_1\bin;C:\ProgramData\Oracle\Java\javapath;C:\WINDOWS\system32;C:\WINDOWS;C:\WINDOWS\System32\Wbem;C:\WINDOWS\System32\WindowsPowerShell\v1.0\;C:\WINDOWS\System32\OpenSSH\;D:\Program Files (x86)\Java\jdk1.8.0_31\bin;D:\Program Files (x86)\MySQL\MySQL Server 5.0\bin;D:\Program Files (x86)\Java\apache-maven-3.6.1\bin;D:\Program Files (x86)\Java\apache-maven-3.6.1\bin;D:\Program Files\nodejs\;C:\Users\Acer\AppData\Local\Microsoft\WindowsApps;C:\Users\Acer\AppData\Roaming\npm;.]
2019-10-10 09:38:56.198 INFO  --- [localhost-startStop-1] org.apache.catalina.core.ContainerBase.[Tomcat].[localhost].[/] Line:180 - Initializing Spring embedded WebApplicationContext
2019-10-10 09:38:57.133 INFO  --- [main] tk.mybatis.mapper.autoconfigure.MapperCacheDisabler Line:60  - Clear tk.mybatis.mapper.util.MsUtil CLASS_CACHE cache.
2019-10-10 09:38:57.134 INFO  --- [main] tk.mybatis.mapper.autoconfigure.MapperCacheDisabler Line:60  - Clear tk.mybatis.mapper.genid.GenIdUtil CACHE cache.
2019-10-10 09:38:57.134 INFO  --- [main] tk.mybatis.mapper.autoconfigure.MapperCacheDisabler Line:60  - Clear tk.mybatis.mapper.version.VersionUtil CACHE cache.
2019-10-10 09:38:57.134 INFO  --- [main] tk.mybatis.mapper.autoconfigure.MapperCacheDisabler Line:83  - Clear EntityHelper entityTableMap cache.
2019-10-10 09:38:57.383 INFO  --- [main] org.apache.coyote.http11.Http11NioProtocol Line:180 - Starting ProtocolHandler ["http-nio-8080"]
2019-10-10 09:38:57.394 INFO  --- [main] org.apache.tomcat.util.net.NioSelectorPool Line:180 - Using a shared selector for servlet write/read
2019-10-10 09:38:57.420 INFO  --- [main] com.bdqn.hx.PhoneInfoApplication Line:59  - Started PhoneInfoApplication in 3.667 seconds (JVM running for 4.655)
2019-10-10 09:39:20.695 INFO  --- [http-nio-8080-exec-2] org.apache.catalina.core.ContainerBase.[Tomcat].[localhost].[/] Line:180 - Initializing Spring FrameworkServlet 'dispatcherServlet'
2019-10-10 09:39:20.786 INFO  --- [http-nio-8080-exec-2] com.zaxxer.hikari.HikariDataSource Line:110 - HikariPool-1 - Starting...
2019-10-10 09:39:20.918 INFO  --- [http-nio-8080-exec-2] com.zaxxer.hikari.HikariDataSource Line:123 - HikariPool-1 - Start completed.
2019-10-10 09:39:50.679 INFO  --- [main] com.bdqn.hx.PhoneInfoApplication Line:50  - Starting PhoneInfoApplication on DESKTOP-167VSDP with PID 3836 (D:\workspace\PhoneInfo\target\classes started by Acer in D:\workspace\PhoneInfo)
2019-10-10 09:39:50.679 INFO  --- [main] com.bdqn.hx.PhoneInfoApplication Line:654 - No active profile set, falling back to default profiles: default
2019-10-10 09:39:52.054 INFO  --- [main] org.apache.coyote.http11.Http11NioProtocol Line:180 - Initializing ProtocolHandler ["http-nio-8080"]
2019-10-10 09:39:52.069 INFO  --- [main] org.apache.catalina.core.StandardService Line:180 - Starting service [Tomcat]
2019-10-10 09:39:52.069 INFO  --- [main] org.apache.catalina.core.StandardEngine Line:180 - Starting Servlet Engine: Apache Tomcat/8.5.39
2019-10-10 09:39:52.069 INFO  --- [localhost-startStop-1] org.apache.catalina.core.AprLifecycleListener Line:180 - The APR based Apache Tomcat Native library which allows optimal performance in production environments was not found on the java.library.path: [D:\Program Files (x86)\Java\jdk1.8.0_31\bin;C:\WINDOWS\Sun\Java\bin;C:\WINDOWS\system32;C:\WINDOWS;D:\app\Acer\product\11.2.0\dbhome_1\bin;C:\ProgramData\Oracle\Java\javapath;C:\WINDOWS\system32;C:\WINDOWS;C:\WINDOWS\System32\Wbem;C:\WINDOWS\System32\WindowsPowerShell\v1.0\;C:\WINDOWS\System32\OpenSSH\;D:\Program Files (x86)\Java\jdk1.8.0_31\bin;D:\Program Files (x86)\MySQL\MySQL Server 5.0\bin;D:\Program Files (x86)\Java\apache-maven-3.6.1\bin;D:\Program Files (x86)\Java\apache-maven-3.6.1\bin;D:\Program Files\nodejs\;C:\Users\Acer\AppData\Local\Microsoft\WindowsApps;C:\Users\Acer\AppData\Roaming\npm;.]
2019-10-10 09:39:52.194 INFO  --- [localhost-startStop-1] org.apache.catalina.core.ContainerBase.[Tomcat].[localhost].[/] Line:180 - Initializing Spring embedded WebApplicationContext
2019-10-10 09:39:53.116 INFO  --- [main] tk.mybatis.mapper.autoconfigure.MapperCacheDisabler Line:60  - Clear tk.mybatis.mapper.util.MsUtil CLASS_CACHE cache.
2019-10-10 09:39:53.116 INFO  --- [main] tk.mybatis.mapper.autoconfigure.MapperCacheDisabler Line:60  - Clear tk.mybatis.mapper.genid.GenIdUtil CACHE cache.
2019-10-10 09:39:53.116 INFO  --- [main] tk.mybatis.mapper.autoconfigure.MapperCacheDisabler Line:60  - Clear tk.mybatis.mapper.version.VersionUtil CACHE cache.
2019-10-10 09:39:53.132 INFO  --- [main] tk.mybatis.mapper.autoconfigure.MapperCacheDisabler Line:83  - Clear EntityHelper entityTableMap cache.
2019-10-10 09:39:53.382 INFO  --- [main] org.apache.coyote.http11.Http11NioProtocol Line:180 - Starting ProtocolHandler ["http-nio-8080"]
2019-10-10 09:39:53.397 INFO  --- [main] org.apache.tomcat.util.net.NioSelectorPool Line:180 - Using a shared selector for servlet write/read
2019-10-10 09:39:53.429 INFO  --- [main] com.bdqn.hx.PhoneInfoApplication Line:59  - Started PhoneInfoApplication in 3.718 seconds (JVM running for 4.607)
2019-10-10 09:40:18.737 INFO  --- [http-nio-8080-exec-1] org.apache.catalina.core.ContainerBase.[Tomcat].[localhost].[/] Line:180 - Initializing Spring FrameworkServlet 'dispatcherServlet'
2019-10-10 09:40:58.163 INFO  --- [main] com.bdqn.hx.PhoneInfoApplication Line:50  - Starting PhoneInfoApplication on DESKTOP-167VSDP with PID 1648 (D:\workspace\PhoneInfo\target\classes started by Acer in D:\workspace\PhoneInfo)
2019-10-10 09:40:58.163 INFO  --- [main] com.bdqn.hx.PhoneInfoApplication Line:654 - No active profile set, falling back to default profiles: default
2019-10-10 09:40:59.444 INFO  --- [main] org.apache.coyote.http11.Http11NioProtocol Line:180 - Initializing ProtocolHandler ["http-nio-8080"]
2019-10-10 09:40:59.460 INFO  --- [main] org.apache.catalina.core.StandardService Line:180 - Starting service [Tomcat]
2019-10-10 09:40:59.460 INFO  --- [main] org.apache.catalina.core.StandardEngine Line:180 - Starting Servlet Engine: Apache Tomcat/8.5.39
2019-10-10 09:40:59.460 INFO  --- [localhost-startStop-1] org.apache.catalina.core.AprLifecycleListener Line:180 - The APR based Apache Tomcat Native library which allows optimal performance in production environments was not found on the java.library.path: [D:\Program Files (x86)\Java\jdk1.8.0_31\bin;C:\WINDOWS\Sun\Java\bin;C:\WINDOWS\system32;C:\WINDOWS;D:\app\Acer\product\11.2.0\dbhome_1\bin;C:\ProgramData\Oracle\Java\javapath;C:\WINDOWS\system32;C:\WINDOWS;C:\WINDOWS\System32\Wbem;C:\WINDOWS\System32\WindowsPowerShell\v1.0\;C:\WINDOWS\System32\OpenSSH\;D:\Program Files (x86)\Java\jdk1.8.0_31\bin;D:\Program Files (x86)\MySQL\MySQL Server 5.0\bin;D:\Program Files (x86)\Java\apache-maven-3.6.1\bin;D:\Program Files (x86)\Java\apache-maven-3.6.1\bin;D:\Program Files\nodejs\;C:\Users\Acer\AppData\Local\Microsoft\WindowsApps;C:\Users\Acer\AppData\Roaming\npm;.]
2019-10-10 09:40:59.585 INFO  --- [localhost-startStop-1] org.apache.catalina.core.ContainerBase.[Tomcat].[localhost].[/] Line:180 - Initializing Spring embedded WebApplicationContext
2019-10-10 09:41:00.475 INFO  --- [main] tk.mybatis.mapper.autoconfigure.MapperCacheDisabler Line:60  - Clear tk.mybatis.mapper.util.MsUtil CLASS_CACHE cache.
2019-10-10 09:41:00.475 INFO  --- [main] tk.mybatis.mapper.autoconfigure.MapperCacheDisabler Line:60  - Clear tk.mybatis.mapper.genid.GenIdUtil CACHE cache.
2019-10-10 09:41:00.475 INFO  --- [main] tk.mybatis.mapper.autoconfigure.MapperCacheDisabler Line:60  - Clear tk.mybatis.mapper.version.VersionUtil CACHE cache.
2019-10-10 09:41:00.475 INFO  --- [main] tk.mybatis.mapper.autoconfigure.MapperCacheDisabler Line:83  - Clear EntityHelper entityTableMap cache.
2019-10-10 09:41:00.725 INFO  --- [main] org.apache.coyote.http11.Http11NioProtocol Line:180 - Starting ProtocolHandler ["http-nio-8080"]
2019-10-10 09:41:00.741 INFO  --- [main] org.apache.tomcat.util.net.NioSelectorPool Line:180 - Using a shared selector for servlet write/read
2019-10-10 09:41:00.756 INFO  --- [main] com.bdqn.hx.PhoneInfoApplication Line:59  - Started PhoneInfoApplication in 3.53 seconds (JVM running for 4.645)
2019-10-10 09:41:09.627 INFO  --- [http-nio-8080-exec-1] org.apache.catalina.core.ContainerBase.[Tomcat].[localhost].[/] Line:180 - Initializing Spring FrameworkServlet 'dispatcherServlet'
2019-10-10 09:47:56.786 INFO  --- [main] com.bdqn.hx.PhoneInfoApplication Line:50  - Starting PhoneInfoApplication on DESKTOP-167VSDP with PID 8248 (D:\workspace\PhoneInfo\target\classes started by Acer in D:\workspace\PhoneInfo)
2019-10-10 09:47:56.802 INFO  --- [main] com.bdqn.hx.PhoneInfoApplication Line:654 - No active profile set, falling back to default profiles: default
2019-10-10 09:47:58.176 INFO  --- [main] org.apache.coyote.http11.Http11NioProtocol Line:180 - Initializing ProtocolHandler ["http-nio-8080"]
2019-10-10 09:47:58.192 INFO  --- [main] org.apache.catalina.core.StandardService Line:180 - Starting service [Tomcat]
2019-10-10 09:47:58.192 INFO  --- [main] org.apache.catalina.core.StandardEngine Line:180 - Starting Servlet Engine: Apache Tomcat/8.5.39
2019-10-10 09:47:58.207 INFO  --- [localhost-startStop-1] org.apache.catalina.core.AprLifecycleListener Line:180 - The APR based Apache Tomcat Native library which allows optimal performance in production environments was not found on the java.library.path: [D:\Program Files (x86)\Java\jdk1.8.0_31\bin;C:\WINDOWS\Sun\Java\bin;C:\WINDOWS\system32;C:\WINDOWS;D:\app\Acer\product\11.2.0\dbhome_1\bin;C:\ProgramData\Oracle\Java\javapath;C:\WINDOWS\system32;C:\WINDOWS;C:\WINDOWS\System32\Wbem;C:\WINDOWS\System32\WindowsPowerShell\v1.0\;C:\WINDOWS\System32\OpenSSH\;D:\Program Files (x86)\Java\jdk1.8.0_31\bin;D:\Program Files (x86)\MySQL\MySQL Server 5.0\bin;D:\Program Files (x86)\Java\apache-maven-3.6.1\bin;D:\Program Files (x86)\Java\apache-maven-3.6.1\bin;D:\Program Files\nodejs\;C:\Users\Acer\AppData\Local\Microsoft\WindowsApps;C:\Users\Acer\AppData\Roaming\npm;.]
2019-10-10 09:47:58.317 INFO  --- [localhost-startStop-1] org.apache.catalina.core.ContainerBase.[Tomcat].[localhost].[/] Line:180 - Initializing Spring embedded WebApplicationContext
2019-10-10 09:47:59.254 INFO  --- [main] tk.mybatis.mapper.autoconfigure.MapperCacheDisabler Line:60  - Clear tk.mybatis.mapper.util.MsUtil CLASS_CACHE cache.
2019-10-10 09:47:59.254 INFO  --- [main] tk.mybatis.mapper.autoconfigure.MapperCacheDisabler Line:60  - Clear tk.mybatis.mapper.genid.GenIdUtil CACHE cache.
2019-10-10 09:47:59.254 INFO  --- [main] tk.mybatis.mapper.autoconfigure.MapperCacheDisabler Line:60  - Clear tk.mybatis.mapper.version.VersionUtil CACHE cache.
2019-10-10 09:47:59.254 INFO  --- [main] tk.mybatis.mapper.autoconfigure.MapperCacheDisabler Line:83  - Clear EntityHelper entityTableMap cache.
2019-10-10 09:47:59.488 INFO  --- [main] org.apache.coyote.http11.Http11NioProtocol Line:180 - Starting ProtocolHandler ["http-nio-8080"]
2019-10-10 09:47:59.488 INFO  --- [main] org.apache.tomcat.util.net.NioSelectorPool Line:180 - Using a shared selector for servlet write/read
2019-10-10 09:47:59.520 INFO  --- [main] com.bdqn.hx.PhoneInfoApplication Line:59  - Started PhoneInfoApplication in 3.39 seconds (JVM running for 4.53)
2019-10-10 09:48:13.084 INFO  --- [http-nio-8080-exec-1] org.apache.catalina.core.ContainerBase.[Tomcat].[localhost].[/] Line:180 - Initializing Spring FrameworkServlet 'dispatcherServlet'
2019-10-10 10:38:01.874 INFO  --- [main] org.springframework.boot.web.servlet.context.AnnotationConfigServletWebServerApplicationContext Line:592 - Refreshing org.springframework.boot.web.servlet.context.AnnotationConfigServletWebServerApplicationContext@18b6731: startup date [Thu Oct 10 10:38:01 CST 2019]; root of context hierarchy
2019-10-10 10:38:03.561 INFO  --- [main] org.springframework.boot.web.embedded.tomcat.TomcatWebServer Line:91  - Tomcat initialized with port(s): 8080 (http)
2019-10-10 10:38:03.795 INFO  --- [localhost-startStop-1] org.springframework.web.context.ContextLoader Line:296 - Root WebApplicationContext: initialization completed in 1921 ms
2019-10-10 10:38:03.936 INFO  --- [localhost-startStop-1] org.springframework.boot.web.servlet.ServletRegistrationBean Line:187 - Servlet dispatcherServlet mapped to [/]
2019-10-10 10:38:03.936 INFO  --- [localhost-startStop-1] org.springframework.boot.web.servlet.FilterRegistrationBean Line:245 - Mapping filter: 'characterEncodingFilter' to: [/*]
2019-10-10 10:38:03.936 INFO  --- [localhost-startStop-1] org.springframework.boot.web.servlet.FilterRegistrationBean Line:245 - Mapping filter: 'hiddenHttpMethodFilter' to: [/*]
2019-10-10 10:38:03.936 INFO  --- [localhost-startStop-1] org.springframework.boot.web.servlet.FilterRegistrationBean Line:245 - Mapping filter: 'httpPutFormContentFilter' to: [/*]
2019-10-10 10:38:03.936 INFO  --- [localhost-startStop-1] org.springframework.boot.web.servlet.FilterRegistrationBean Line:245 - Mapping filter: 'requestContextFilter' to: [/*]
2019-10-10 10:38:04.592 INFO  --- [main] org.springframework.web.servlet.handler.SimpleUrlHandlerMapping Line:372 - Mapped URL path [/**/favicon.ico] onto handler of type [class org.springframework.web.servlet.resource.ResourceHttpRequestHandler]
2019-10-10 10:38:04.904 INFO  --- [main] org.springframework.web.servlet.mvc.method.annotation.RequestMappingHandlerAdapter Line:589 - Looking for @ControllerAdvice: org.springframework.boot.web.servlet.context.AnnotationConfigServletWebServerApplicationContext@18b6731: startup date [Thu Oct 10 10:38:01 CST 2019]; root of context hierarchy
2019-10-10 10:38:04.982 INFO  --- [main] org.springframework.web.servlet.mvc.method.annotation.RequestMappingHandlerMapping Line:550 - Mapped "{[/info/{id}.html],methods=[GET]}" onto public java.lang.String com.bdqn.hx.web.InformationsController.queryInformations(java.lang.Long,org.springframework.ui.Model)
2019-10-10 10:38:04.982 INFO  --- [main] org.springframework.web.servlet.mvc.method.annotation.RequestMappingHandlerMapping Line:550 - Mapped "{[/info/queryAll],methods=[GET]}" onto public org.springframework.http.ResponseEntity<java.util.List<com.bdqn.hx.pojo.Informations>> com.bdqn.hx.web.InformationsController.queryAll()
2019-10-10 10:38:04.998 INFO  --- [main] org.springframework.web.servlet.mvc.method.annotation.RequestMappingHandlerMapping Line:550 - Mapped "{[/error]}" onto public org.springframework.http.ResponseEntity<java.util.Map<java.lang.String, java.lang.Object>> org.springframework.boot.autoconfigure.web.servlet.error.BasicErrorController.error(javax.servlet.http.HttpServletRequest)
2019-10-10 10:38:04.998 INFO  --- [main] org.springframework.web.servlet.mvc.method.annotation.RequestMappingHandlerMapping Line:550 - Mapped "{[/error],produces=[text/html]}" onto public org.springframework.web.servlet.ModelAndView org.springframework.boot.autoconfigure.web.servlet.error.BasicErrorController.errorHtml(javax.servlet.http.HttpServletRequest,javax.servlet.http.HttpServletResponse)
2019-10-10 10:38:05.076 INFO  --- [main] org.springframework.web.servlet.handler.SimpleUrlHandlerMapping Line:372 - Mapped URL path [/webjars/**] onto handler of type [class org.springframework.web.servlet.resource.ResourceHttpRequestHandler]
2019-10-10 10:38:05.076 INFO  --- [main] org.springframework.web.servlet.handler.SimpleUrlHandlerMapping Line:372 - Mapped URL path [/**] onto handler of type [class org.springframework.web.servlet.resource.ResourceHttpRequestHandler]
2019-10-10 10:38:05.248 INFO  --- [main] org.springframework.boot.autoconfigure.web.servlet.WelcomePageHandlerMapping Line:56  - Adding welcome page: class path resource [static/index.html]
2019-10-10 10:38:05.623 INFO  --- [main] org.springframework.jmx.export.annotation.AnnotationMBeanExporter Line:433 - Registering beans for JMX exposure on startup
2019-10-10 10:38:05.623 INFO  --- [main] org.springframework.jmx.export.annotation.AnnotationMBeanExporter Line:895 - Bean with name 'dataSource' has been autodetected for JMX exposure
2019-10-10 10:38:05.638 INFO  --- [main] org.springframework.jmx.export.annotation.AnnotationMBeanExporter Line:668 - Located MBean 'dataSource': registering with JMX server as MBean [com.zaxxer.hikari:name=dataSource,type=HikariDataSource]
2019-10-10 10:38:05.685 INFO  --- [main] org.springframework.boot.web.embedded.tomcat.TomcatWebServer Line:206 - Tomcat started on port(s): 8080 (http) with context path ''
2019-10-10 10:38:38.584 INFO  --- [http-nio-8080-exec-1] org.springframework.web.servlet.DispatcherServlet Line:497 - FrameworkServlet 'dispatcherServlet': initialization started
2019-10-10 10:38:38.621 INFO  --- [http-nio-8080-exec-1] org.springframework.web.servlet.DispatcherServlet Line:512 - FrameworkServlet 'dispatcherServlet': initialization completed in 36 ms
